{"/workspace/exercise-unit-test-with-jest/app.js": {"path":"/workspace/exercise-unit-test-with-jest/app.js","statementMap":{"0":{"start":{"line":2,"column":25},"end":{"line":7,"column":1}},"1":{"start":{"line":4,"column":24},"end":{"line":4,"column":41}},"2":{"start":{"line":6,"column":4},"end":{"line":6,"column":25}},"3":{"start":{"line":10,"column":24},"end":{"line":15,"column":1}},"4":{"start":{"line":12,"column":21},"end":{"line":12,"column":48}},"5":{"start":{"line":14,"column":4},"end":{"line":14,"column":22}},"6":{"start":{"line":18,"column":23},"end":{"line":23,"column":1}},"7":{"start":{"line":20,"column":23},"end":{"line":20,"column":47}},"8":{"start":{"line":22,"column":4},"end":{"line":22,"column":24}},"9":{"start":{"line":27,"column":12},"end":{"line":29,"column":1}},"10":{"start":{"line":28,"column":4},"end":{"line":28,"column":16}},"11":{"start":{"line":32,"column":0},"end":{"line":32,"column":21}},"12":{"start":{"line":36,"column":0},"end":{"line":36,"column":75}}},"fnMap":{"0":{"name":"(anonymous_0)","decl":{"start":{"line":2,"column":25},"end":{"line":2,"column":26}},"loc":{"start":{"line":2,"column":46},"end":{"line":7,"column":1}},"line":2},"1":{"name":"(anonymous_1)","decl":{"start":{"line":10,"column":24},"end":{"line":10,"column":25}},"loc":{"start":{"line":10,"column":47},"end":{"line":15,"column":1}},"line":10},"2":{"name":"(anonymous_2)","decl":{"start":{"line":18,"column":23},"end":{"line":18,"column":24}},"loc":{"start":{"line":18,"column":43},"end":{"line":23,"column":1}},"line":18},"3":{"name":"(anonymous_3)","decl":{"start":{"line":27,"column":12},"end":{"line":27,"column":13}},"loc":{"start":{"line":27,"column":21},"end":{"line":29,"column":1}},"line":27}},"branchMap":{},"s":{"0":1,"1":2,"2":2,"3":1,"4":2,"5":2,"6":1,"7":2,"8":2,"9":1,"10":2,"11":1,"12":1},"f":{"0":2,"1":2,"2":2,"3":2},"b":{},"_coverageSchema":"1a1c01bbd47fc00a2c39e90264f33305004495a9","hash":"15af7358ff49979b5f718ce621d209fcbaac0c28"}
}
